




     PROBLEM    1      DIMENSIONS    5   10


     INITIAL L2 NORM OF THE RESIDUALS   5.000000    

     FINAL L2 NORM OF THE RESIDUALS     2.236068    

     NUMBER OF FUNCTION EVALUATIONS           4

     NUMBER OF JACOBIAN EVALUATIONS           3

     EXIT PARAMETER                           1

     FINAL APPROXIMATE SOLUTION

      -1.000000      -1.000000      -1.000000      -1.000000      -1.000000    




     PROBLEM    1      DIMENSIONS    5   50


     INITIAL L2 NORM OF THE RESIDUALS   8.062258    

     FINAL L2 NORM OF THE RESIDUALS     6.708204    

     NUMBER OF FUNCTION EVALUATIONS           3

     NUMBER OF JACOBIAN EVALUATIONS           2

     EXIT PARAMETER                           1

     FINAL APPROXIMATE SOLUTION

     -0.9999998     -0.9999998     -0.9999998     -0.9999998     -0.9999998    




     PROBLEM    2      DIMENSIONS    5   10


     INITIAL L2 NORM OF THE RESIDUALS   291.5219    

     FINAL L2 NORM OF THE RESIDUALS     1.463850    

     NUMBER OF FUNCTION EVALUATIONS           4

     NUMBER OF JACOBIAN EVALUATIONS           2

     EXIT PARAMETER                           1

     FINAL APPROXIMATE SOLUTION

       221.4518       111.2259      -12.92753       56.11295      -125.8860    




     PROBLEM    2      DIMENSIONS    5   50


     INITIAL L2 NORM OF THE RESIDUALS   3101.600    

     FINAL L2 NORM OF THE RESIDUALS     3.482630    

     NUMBER OF FUNCTION EVALUATIONS           7

     NUMBER OF JACOBIAN EVALUATIONS           2

     EXIT PARAMETER                           1

     FINAL APPROXIMATE SOLUTION

      -216.2796      -107.6398      0.2665864      -53.31989       128.8137    




     PROBLEM    3      DIMENSIONS    5   10


     INITIAL L2 NORM OF THE RESIDUALS   126.0397    

     FINAL L2 NORM OF THE RESIDUALS     1.909727    

     NUMBER OF FUNCTION EVALUATIONS           3

     NUMBER OF JACOBIAN EVALUATIONS           2

     EXIT PARAMETER                           1

     FINAL APPROXIMATE SOLUTION

       1.000000      -163.6593      -30.66622       104.8734       1.000000    




     PROBLEM    3      DIMENSIONS    5   50


     INITIAL L2 NORM OF THE RESIDUALS   1748.950    

     FINAL L2 NORM OF THE RESIDUALS     3.691729    

     NUMBER OF FUNCTION EVALUATIONS           4

     NUMBER OF JACOBIAN EVALUATIONS           2

     EXIT PARAMETER                           1

     FINAL APPROXIMATE SOLUTION

       1.000000      -110.4357      -73.28733       110.1911       1.000000    




     PROBLEM    4      DIMENSIONS    2    2


     INITIAL L2 NORM OF THE RESIDUALS   4.919350    

     FINAL L2 NORM OF THE RESIDUALS    0.0000000    

     NUMBER OF FUNCTION EVALUATIONS          22

     NUMBER OF JACOBIAN EVALUATIONS          16

     EXIT PARAMETER                           2

     FINAL APPROXIMATE SOLUTION

       1.000000       1.000000    




     PROBLEM    4      DIMENSIONS    2    2


     INITIAL L2 NORM OF THE RESIDUALS   1340.063    

     FINAL L2 NORM OF THE RESIDUALS    0.0000000    

     NUMBER OF FUNCTION EVALUATIONS           8

     NUMBER OF JACOBIAN EVALUATIONS           5

     EXIT PARAMETER                           2

     FINAL APPROXIMATE SOLUTION

       1.000000       1.000000    




     PROBLEM    4      DIMENSIONS    2    2


     INITIAL L2 NORM OF THE RESIDUALS   143000.1    

     FINAL L2 NORM OF THE RESIDUALS    0.0000000    

     NUMBER OF FUNCTION EVALUATIONS           7

     NUMBER OF JACOBIAN EVALUATIONS           5

     EXIT PARAMETER                           2

     FINAL APPROXIMATE SOLUTION

       1.000000       1.000000    




     PROBLEM    5      DIMENSIONS    3    3


     INITIAL L2 NORM OF THE RESIDUALS   50.00000    

     FINAL L2 NORM OF THE RESIDUALS    0.4339695E-15

     NUMBER OF FUNCTION EVALUATIONS          11

     NUMBER OF JACOBIAN EVALUATIONS           8

     EXIT PARAMETER                           2

     FINAL APPROXIMATE SOLUTION

       1.000000     -0.2726711E-16  0.0000000    




     PROBLEM    5      DIMENSIONS    3    3


     INITIAL L2 NORM OF THE RESIDUALS   102.9563    

     FINAL L2 NORM OF THE RESIDUALS    0.3061077E-17

     NUMBER OF FUNCTION EVALUATIONS          20

     NUMBER OF JACOBIAN EVALUATIONS          15

     EXIT PARAMETER                           2

     FINAL APPROXIMATE SOLUTION

       1.000000     -0.1923332E-18  0.0000000    




     PROBLEM    5      DIMENSIONS    3    3


     INITIAL L2 NORM OF THE RESIDUALS   991.2618    

     FINAL L2 NORM OF THE RESIDUALS    0.1195915E-21

     NUMBER OF FUNCTION EVALUATIONS          19

     NUMBER OF JACOBIAN EVALUATIONS          16

     EXIT PARAMETER                           2

     FINAL APPROXIMATE SOLUTION

       1.000000      0.7514153E-23  0.0000000    




     PROBLEM    6      DIMENSIONS    4    4


     INITIAL L2 NORM OF THE RESIDUALS   14.66288    

     FINAL L2 NORM OF THE RESIDUALS    0.1452571E-19

     NUMBER OF FUNCTION EVALUATIONS         230

     NUMBER OF JACOBIAN EVALUATIONS         193

     EXIT PARAMETER                           5

     FINAL APPROXIMATE SOLUTION

      0.1016937E-09 -0.1016937E-10  0.4823574E-10  0.4823574E-10




     PROBLEM    6      DIMENSIONS    4    4


     INITIAL L2 NORM OF THE RESIDUALS   1270.984    

     FINAL L2 NORM OF THE RESIDUALS    0.1181141E-19

     NUMBER OF FUNCTION EVALUATIONS         231

     NUMBER OF JACOBIAN EVALUATIONS         193

     EXIT PARAMETER                           5

     FINAL APPROXIMATE SOLUTION

      0.9176845E-10 -0.9176845E-11  0.4333680E-10  0.4333680E-10




     PROBLEM    6      DIMENSIONS    4    4


     INITIAL L2 NORM OF THE RESIDUALS   126887.9    

     FINAL L2 NORM OF THE RESIDUALS    0.1420077E-19

     NUMBER OF FUNCTION EVALUATIONS         232

     NUMBER OF JACOBIAN EVALUATIONS         192

     EXIT PARAMETER                           5

     FINAL APPROXIMATE SOLUTION

      0.1005934E-09 -0.1005934E-10  0.4756209E-10  0.4756209E-10




     PROBLEM    7      DIMENSIONS    2    2


     INITIAL L2 NORM OF THE RESIDUALS   20.01250    

     FINAL L2 NORM OF THE RESIDUALS     6.998875    

     NUMBER OF FUNCTION EVALUATIONS          14

     NUMBER OF JACOBIAN EVALUATIONS           8

     EXIT PARAMETER                           1

     FINAL APPROXIMATE SOLUTION

       11.41248     -0.8968279    




     PROBLEM    7      DIMENSIONS    2    2


     INITIAL L2 NORM OF THE RESIDUALS   12432.83    

     FINAL L2 NORM OF THE RESIDUALS     6.998875    

     NUMBER OF FUNCTION EVALUATIONS          19

     NUMBER OF JACOBIAN EVALUATIONS          12

     EXIT PARAMETER                           1

     FINAL APPROXIMATE SOLUTION

       11.41300     -0.8967960    




     PROBLEM    7      DIMENSIONS    2    2


     INITIAL L2 NORM OF THE RESIDUALS  0.1142645E+08

     FINAL L2 NORM OF THE RESIDUALS     6.998875    

     NUMBER OF FUNCTION EVALUATIONS          24

     NUMBER OF JACOBIAN EVALUATIONS          17

     EXIT PARAMETER                           1

     FINAL APPROXIMATE SOLUTION

       11.41278     -0.8968051    




     PROBLEM    8      DIMENSIONS    3   15


     INITIAL L2 NORM OF THE RESIDUALS   6.456136    

     FINAL L2 NORM OF THE RESIDUALS    0.9063596E-01

     NUMBER OF FUNCTION EVALUATIONS           6

     NUMBER OF JACOBIAN EVALUATIONS           5

     EXIT PARAMETER                           1

     FINAL APPROXIMATE SOLUTION

      0.8241058E-01   1.133037       2.343695    




     PROBLEM    8      DIMENSIONS    3   15


     INITIAL L2 NORM OF THE RESIDUALS   36.14185    

     FINAL L2 NORM OF THE RESIDUALS     4.174769    

     NUMBER OF FUNCTION EVALUATIONS          38

     NUMBER OF JACOBIAN EVALUATIONS          37

     EXIT PARAMETER                           1

     FINAL APPROXIMATE SOLUTION

      0.8406667     -0.1532075E+09 -0.1550275E+09




     PROBLEM    8      DIMENSIONS    3   15


     INITIAL L2 NORM OF THE RESIDUALS   384.1147    

     FINAL L2 NORM OF THE RESIDUALS     4.174769    

     NUMBER OF FUNCTION EVALUATIONS          14

     NUMBER OF JACOBIAN EVALUATIONS          13

     EXIT PARAMETER                           1

     FINAL APPROXIMATE SOLUTION

      0.8406667     -0.1114509E+09 -0.1131356E+09




     PROBLEM    9      DIMENSIONS    4   11


     INITIAL L2 NORM OF THE RESIDUALS  0.7289151E-01

     FINAL L2 NORM OF THE RESIDUALS    0.1753584E-01

     NUMBER OF FUNCTION EVALUATIONS          18

     NUMBER OF JACOBIAN EVALUATIONS          16

     EXIT PARAMETER                           1

     FINAL APPROXIMATE SOLUTION

      0.1928078      0.1912627      0.1230528      0.1360532    




     PROBLEM    9      DIMENSIONS    4   11


     INITIAL L2 NORM OF THE RESIDUALS   2.979370    

     FINAL L2 NORM OF THE RESIDUALS    0.3205219E-01

     NUMBER OF FUNCTION EVALUATIONS          77

     NUMBER OF JACOBIAN EVALUATIONS          69

     EXIT PARAMETER                           1

     FINAL APPROXIMATE SOLUTION

       296030.4      -14.07588     -0.1339749E+08  -8357375.    




     PROBLEM    9      DIMENSIONS    4   11


     INITIAL L2 NORM OF THE RESIDUALS   29.95906    

     FINAL L2 NORM OF THE RESIDUALS    0.3071233E-01

     NUMBER OF FUNCTION EVALUATIONS         233

     NUMBER OF JACOBIAN EVALUATIONS         192

     EXIT PARAMETER                           5

     FINAL APPROXIMATE SOLUTION

      0.3252992E-02   732.3939       7.308929       4.935694    




     PROBLEM   10      DIMENSIONS    3   16


     INITIAL L2 NORM OF THE RESIDUALS   41153.47    

     FINAL L2 NORM OF THE RESIDUALS     9.377945    

     NUMBER OF FUNCTION EVALUATIONS         126

     NUMBER OF JACOBIAN EVALUATIONS         116

     EXIT PARAMETER                           1

     FINAL APPROXIMATE SOLUTION

      0.5609637E-02   6181.346       345.2236    




     PROBLEM   10      DIMENSIONS    3   16


     INITIAL L2 NORM OF THE RESIDUALS   4168217.    

     FINAL L2 NORM OF THE RESIDUALS     62375.99    

     NUMBER OF FUNCTION EVALUATIONS           4

     NUMBER OF JACOBIAN EVALUATIONS           3

     EXIT PARAMETER                           4

     FINAL APPROXIMATE SOLUTION

       1.382331      -3663.914      -22.60775    




     PROBLEM   11      DIMENSIONS    6   31


     INITIAL L2 NORM OF THE RESIDUALS   5.477226    

     FINAL L2 NORM OF THE RESIDUALS    0.5104662E-01

     NUMBER OF FUNCTION EVALUATIONS           8

     NUMBER OF JACOBIAN EVALUATIONS           7

     EXIT PARAMETER                           1

     FINAL APPROXIMATE SOLUTION

     -0.1328688E-23   1.013638     -0.2443032       1.373770      -1.685639    
       1.098097    




     PROBLEM   11      DIMENSIONS    6   31


     INITIAL L2 NORM OF THE RESIDUALS   6433.126    

     FINAL L2 NORM OF THE RESIDUALS    0.4782959E-01

     NUMBER OF FUNCTION EVALUATIONS          14

     NUMBER OF JACOBIAN EVALUATIONS          13

     EXIT PARAMETER                           1

     FINAL APPROXIMATE SOLUTION

     -0.1572519E-01   1.012435     -0.2329914       1.260429      -1.513727    
      0.9929955    




     PROBLEM   11      DIMENSIONS    6   31


     INITIAL L2 NORM OF THE RESIDUALS   674256.0    

     FINAL L2 NORM OF THE RESIDUALS    0.4782959E-01

     NUMBER OF FUNCTION EVALUATIONS          15

     NUMBER OF JACOBIAN EVALUATIONS          14

     EXIT PARAMETER                           1

     FINAL APPROXIMATE SOLUTION

     -0.1572472E-01   1.012435     -0.2329920       1.260433      -1.513733    
      0.9929990    




     PROBLEM   11      DIMENSIONS    9   31


     INITIAL L2 NORM OF THE RESIDUALS   5.477226    

     FINAL L2 NORM OF THE RESIDUALS    0.1183214E-02

     NUMBER OF FUNCTION EVALUATIONS           7

     NUMBER OF JACOBIAN EVALUATIONS           6

     EXIT PARAMETER                           1

     FINAL APPROXIMATE SOLUTION

      0.5361179E-22  0.9997897      0.1477974E-01  0.1463274       1.000935    
      -2.618055       4.104927      -3.144032       1.052768    




     PROBLEM   11      DIMENSIONS    9   31


     INITIAL L2 NORM OF THE RESIDUALS   12088.13    

     FINAL L2 NORM OF THE RESIDUALS    0.1183115E-02

     NUMBER OF FUNCTION EVALUATIONS          26

     NUMBER OF JACOBIAN EVALUATIONS          16

     EXIT PARAMETER                           2

     FINAL APPROXIMATE SOLUTION

     -0.1528848E-04  0.9997896      0.1476644E-01  0.1463226       1.000895    
      -2.617879       4.104568      -3.143708       1.052649    




     PROBLEM   11      DIMENSIONS    9   31


     INITIAL L2 NORM OF THE RESIDUALS   1269109.    

     FINAL L2 NORM OF THE RESIDUALS    0.1183115E-02

     NUMBER OF FUNCTION EVALUATIONS          27

     NUMBER OF JACOBIAN EVALUATIONS          17

     EXIT PARAMETER                           2

     FINAL APPROXIMATE SOLUTION

     -0.1531404E-04  0.9997898      0.1476176E-01  0.1463612       1.000747    
      -2.617575       4.104224      -3.143505       1.052600    




     PROBLEM   11      DIMENSIONS   12   31


     INITIAL L2 NORM OF THE RESIDUALS   5.477226    

     FINAL L2 NORM OF THE RESIDUALS    0.2173105E-04

     NUMBER OF FUNCTION EVALUATIONS          22

     NUMBER OF JACOBIAN EVALUATIONS          10

     EXIT PARAMETER                           2

     FINAL APPROXIMATE SOLUTION

      0.1805006E-22   1.000002     -0.5638658E-03  0.3478231     -0.1567628    
       1.052971      -3.247693       7.289119      -10.27252       9.074502    
      -4.541493       1.012026    




     PROBLEM   11      DIMENSIONS   12   31


     INITIAL L2 NORM OF THE RESIDUALS   19220.76    

     FINAL L2 NORM OF THE RESIDUALS    0.2173415E-04

     NUMBER OF FUNCTION EVALUATIONS          27

     NUMBER OF JACOBIAN EVALUATIONS          12

     EXIT PARAMETER                           2

     FINAL APPROXIMATE SOLUTION

      0.4457596E-08   1.000002     -0.5763155E-03  0.3480282     -0.1583535    
       1.059991      -3.266827       7.322471      -10.30978       9.100299    
      -4.551571       1.013723    




     PROBLEM   11      DIMENSIONS   12   31


     INITIAL L2 NORM OF THE RESIDUALS   2018918.    

     FINAL L2 NORM OF THE RESIDUALS    0.2173199E-04

     NUMBER OF FUNCTION EVALUATIONS          50

     NUMBER OF JACOBIAN EVALUATIONS          34

     EXIT PARAMETER                           2

     FINAL APPROXIMATE SOLUTION

      0.6456524E-07   1.000002     -0.5599050E-03  0.3477285     -0.1558594    
       1.048377      -3.233725       7.262435      -10.24019       9.050364    
      -4.531360       1.010195    




     PROBLEM   12      DIMENSIONS    3   10


     INITIAL L2 NORM OF THE RESIDUALS   32.11158    

     FINAL L2 NORM OF THE RESIDUALS    0.1400329E-15

     NUMBER OF FUNCTION EVALUATIONS           7

     NUMBER OF JACOBIAN EVALUATIONS           6

     EXIT PARAMETER                           2

     FINAL APPROXIMATE SOLUTION

       1.000000       10.00000       1.000000    




     PROBLEM   13      DIMENSIONS    2   10


     INITIAL L2 NORM OF THE RESIDUALS   64.58565    

     FINAL L2 NORM OF THE RESIDUALS     11.15178    

     NUMBER OF FUNCTION EVALUATIONS          21

     NUMBER OF JACOBIAN EVALUATIONS          12

     EXIT PARAMETER                           1

     FINAL APPROXIMATE SOLUTION

      0.2578199      0.2578300    




     PROBLEM   14      DIMENSIONS    4   20


     INITIAL L2 NORM OF THE RESIDUALS   2815.438    

     FINAL L2 NORM OF THE RESIDUALS     292.9567    

     NUMBER OF FUNCTION EVALUATIONS         212

     NUMBER OF JACOBIAN EVALUATIONS         197

     EXIT PARAMETER                           5

     FINAL APPROXIMATE SOLUTION

      -11.56195       13.19200     -0.4075748      0.2337804    




     PROBLEM   14      DIMENSIONS    4   20


     INITIAL L2 NORM OF THE RESIDUALS   555073.4    

     FINAL L2 NORM OF THE RESIDUALS     292.9543    

     NUMBER OF FUNCTION EVALUATIONS          56

     NUMBER OF JACOBIAN EVALUATIONS          44

     EXIT PARAMETER                           1

     FINAL APPROXIMATE SOLUTION

      -11.59536       13.20397     -0.4034069      0.2367863    




     PROBLEM   14      DIMENSIONS    4   20


     INITIAL L2 NORM OF THE RESIDUALS  0.6121125E+08

     FINAL L2 NORM OF THE RESIDUALS     292.9545    

     NUMBER OF FUNCTION EVALUATIONS         212

     NUMBER OF JACOBIAN EVALUATIONS         198

     EXIT PARAMETER                           5

     FINAL APPROXIMATE SOLUTION

      -11.58517       13.20016     -0.4050361      0.2358088    




     PROBLEM   15      DIMENSIONS    1    8


     INITIAL L2 NORM OF THE RESIDUALS   1.886238    

     FINAL L2 NORM OF THE RESIDUALS     1.886238    

     NUMBER OF FUNCTION EVALUATIONS           2

     NUMBER OF JACOBIAN EVALUATIONS           1

     EXIT PARAMETER                           1

     FINAL APPROXIMATE SOLUTION

      0.5000000    




     PROBLEM   15      DIMENSIONS    1    8


     INITIAL L2 NORM OF THE RESIDUALS  0.5383344E+10

     FINAL L2 NORM OF THE RESIDUALS     1.884248    

     NUMBER OF FUNCTION EVALUATIONS          29

     NUMBER OF JACOBIAN EVALUATIONS          28

     EXIT PARAMETER                           1

     FINAL APPROXIMATE SOLUTION

      0.9817315    




     PROBLEM   15      DIMENSIONS    1    8


     INITIAL L2 NORM OF THE RESIDUALS  0.1180887E+19

     FINAL L2 NORM OF THE RESIDUALS     1.884248    

     NUMBER OF FUNCTION EVALUATIONS          47

     NUMBER OF JACOBIAN EVALUATIONS          46

     EXIT PARAMETER                           1

     FINAL APPROXIMATE SOLUTION

      0.9817315    




     PROBLEM   15      DIMENSIONS    8    8


     INITIAL L2 NORM OF THE RESIDUALS  0.1965139    

     FINAL L2 NORM OF THE RESIDUALS    0.5930324E-01

     NUMBER OF FUNCTION EVALUATIONS          39

     NUMBER OF JACOBIAN EVALUATIONS          20

     EXIT PARAMETER                           1

     FINAL APPROXIMATE SOLUTION

      0.4315367E-01  0.1930916      0.2663286      0.4999993      0.5000007    
      0.7336714      0.8069084      0.9568463    




     PROBLEM   15      DIMENSIONS    9    9


     INITIAL L2 NORM OF THE RESIDUALS  0.1699499    

     FINAL L2 NORM OF THE RESIDUALS    0.2973283E-15

     NUMBER OF FUNCTION EVALUATIONS          12

     NUMBER OF JACOBIAN EVALUATIONS           9

     EXIT PARAMETER                           2

     FINAL APPROXIMATE SOLUTION

      0.4420535E-01  0.1994907      0.2356191      0.4160469      0.5000000    
      0.5839531      0.7643809      0.8005093      0.9557947    




     PROBLEM   15      DIMENSIONS   10   10


     INITIAL L2 NORM OF THE RESIDUALS  0.1837478    

     FINAL L2 NORM OF THE RESIDUALS    0.8064710E-01

     NUMBER OF FUNCTION EVALUATIONS          25

     NUMBER OF JACOBIAN EVALUATIONS          12

     EXIT PARAMETER                           1

     FINAL APPROXIMATE SOLUTION

      0.5962027E-01  0.1667088      0.2391710      0.3988853      0.3988837    
      0.6011163      0.6011147      0.7608290      0.8332912      0.9403797    




     PROBLEM   16      DIMENSIONS   10   10


     INITIAL L2 NORM OF THE RESIDUALS   16.53022    

     FINAL L2 NORM OF THE RESIDUALS     1.000000    

     NUMBER OF FUNCTION EVALUATIONS           7

     NUMBER OF JACOBIAN EVALUATIONS           5

     EXIT PARAMETER                           1

     FINAL APPROXIMATE SOLUTION

     -0.5469127E-01 -0.5469127E-01 -0.5469127E-01 -0.5469127E-01 -0.5469127E-01
     -0.5469127E-01 -0.5469127E-01 -0.5469127E-01 -0.5469127E-01   11.54691    




     PROBLEM   16      DIMENSIONS   10   10


     INITIAL L2 NORM OF THE RESIDUALS   9765624.    

     FINAL L2 NORM OF THE RESIDUALS    0.1793620E-14

     NUMBER OF FUNCTION EVALUATIONS          13

     NUMBER OF JACOBIAN EVALUATIONS           8

     EXIT PARAMETER                           2

     FINAL APPROXIMATE SOLUTION

      0.9794303      0.9794303      0.9794303      0.9794303      0.9794303    
      0.9794303      0.9794303      0.9794303      0.9794303       1.205697    




     PROBLEM   16      DIMENSIONS   10   10


     INITIAL L2 NORM OF THE RESIDUALS  0.9765625E+17

     FINAL L2 NORM OF THE RESIDUALS     1.000000    

     NUMBER OF FUNCTION EVALUATIONS          34

     NUMBER OF JACOBIAN EVALUATIONS          32

     EXIT PARAMETER                           1

     FINAL APPROXIMATE SOLUTION

     -0.5465687E-02 -0.5465687E-02 -0.5465687E-02 -0.5465687E-02 -0.5465687E-02
     -0.5465687E-02 -0.5465687E-02 -0.5465687E-02 -0.5465687E-02   11.05466    




     PROBLEM   16      DIMENSIONS   30   30


     INITIAL L2 NORM OF THE RESIDUALS   83.47604    

     FINAL L2 NORM OF THE RESIDUALS    0.1596647E-12

     NUMBER OF FUNCTION EVALUATIONS          11

     NUMBER OF JACOBIAN EVALUATIONS          10

     EXIT PARAMETER                           2

     FINAL APPROXIMATE SOLUTION

       1.000000       1.000000       1.000000       1.000000       1.000000    
       1.000000       1.000000       1.000000       1.000000       1.000000    
       1.000000       1.000000       1.000000       1.000000       1.000000    
       1.000000       1.000000       1.000000       1.000000       1.000000    
       1.000000       1.000000       1.000000       1.000000       1.000000    
       1.000000       1.000000       1.000000       1.000000       1.000000    




     PROBLEM   16      DIMENSIONS   40   40


     INITIAL L2 NORM OF THE RESIDUALS   128.0264    

     FINAL L2 NORM OF THE RESIDUALS    0.3799471E-12

     NUMBER OF FUNCTION EVALUATIONS          11

     NUMBER OF JACOBIAN EVALUATIONS          10

     EXIT PARAMETER                           2

     FINAL APPROXIMATE SOLUTION

       1.000000       1.000000       1.000000       1.000000       1.000000    
       1.000000       1.000000       1.000000       1.000000       1.000000    
       1.000000       1.000000       1.000000       1.000000       1.000000    
       1.000000       1.000000       1.000000       1.000000       1.000000    
       1.000000       1.000000       1.000000       1.000000       1.000000    
       1.000000       1.000000       1.000000       1.000000       1.000000    
       1.000000       1.000000       1.000000       1.000000       1.000000    
       1.000000       1.000000       1.000000       1.000000       1.000000    




     PROBLEM   17      DIMENSIONS    5   33


     INITIAL L2 NORM OF THE RESIDUALS  0.9375640    

     FINAL L2 NORM OF THE RESIDUALS    0.7392493E-02

     NUMBER OF FUNCTION EVALUATIONS          18

     NUMBER OF JACOBIAN EVALUATIONS          15

     EXIT PARAMETER                           1

     FINAL APPROXIMATE SOLUTION

      0.3754101       1.935847      -1.464687      0.1286753E-01  0.2212270E-01




     PROBLEM   18      DIMENSIONS   11   65


     INITIAL L2 NORM OF THE RESIDUALS   1.446865    

     FINAL L2 NORM OF THE RESIDUALS    0.2003440    

     NUMBER OF FUNCTION EVALUATIONS          16

     NUMBER OF JACOBIAN EVALUATIONS          12

     EXIT PARAMETER                           1

     FINAL APPROXIMATE SOLUTION

       1.309977      0.4315525      0.6336613      0.5994286      0.7541798    
      0.9043001       1.365799       4.823732       2.398685       4.568876    
       5.675342    
SUMMARY OF  53 CALLS TO LMDIF1

NPROB   N    M   NFEV  NJEV  INFO  FINAL L2 NORM

   1    5   10     4     3     1    2.236068    
   1    5   50     3     2     1    6.708204    
   2    5   10     4     2     1    1.463850    
   2    5   50     7     2     1    3.482630    
   3    5   10     3     2     1    1.909727    
   3    5   50     4     2     1    3.691729    
   4    2    2    22    16     2   0.0000000    
   4    2    2     8     5     2   0.0000000    
   4    2    2     7     5     2   0.0000000    
   5    3    3    11     8     2   0.4339695E-15
   5    3    3    20    15     2   0.3061077E-17
   5    3    3    19    16     2   0.1195915E-21
   6    4    4   230   193     5   0.1452571E-19
   6    4    4   231   193     5   0.1181141E-19
   6    4    4   232   192     5   0.1420077E-19
   7    2    2    14     8     1    6.998875    
   7    2    2    19    12     1    6.998875    
   7    2    2    24    17     1    6.998875    
   8    3   15     6     5     1   0.9063596E-01
   8    3   15    38    37     1    4.174769    
   8    3   15    14    13     1    4.174769    
   9    4   11    18    16     1   0.1753584E-01
   9    4   11    77    69     1   0.3205219E-01
   9    4   11   233   192     5   0.3071233E-01
  10    3   16   126   116     1    9.377945    
  10    3   16     4     3     4    62375.99    
  11    6   31     8     7     1   0.5104662E-01
  11    6   31    14    13     1   0.4782959E-01
  11    6   31    15    14     1   0.4782959E-01
  11    9   31     7     6     1   0.1183214E-02
  11    9   31    26    16     2   0.1183115E-02
  11    9   31    27    17     2   0.1183115E-02
  11   12   31    22    10     2   0.2173105E-04
  11   12   31    27    12     2   0.2173415E-04
  11   12   31    50    34     2   0.2173199E-04
  12    3   10     7     6     2   0.1400329E-15
  13    2   10    21    12     1    11.15178    
  14    4   20   212   197     5    292.9567    
  14    4   20    56    44     1    292.9543    
  14    4   20   212   198     5    292.9545    
  15    1    8     2     1     1    1.886238    
  15    1    8    29    28     1    1.884248    
  15    1    8    47    46     1    1.884248    
  15    8    8    39    20     1   0.5930324E-01
  15    9    9    12     9     2   0.2973283E-15
  15   10   10    25    12     1   0.8064710E-01
  16   10   10     7     5     1    1.000000    
  16   10   10    13     8     2   0.1793620E-14
  16   10   10    34    32     1    1.000000    
  16   30   30    11    10     2   0.1596647E-12
  16   40   40    11    10     2   0.3799471E-12
  17    5   33    18    15     1   0.7392493E-02
  18   11   65    16    12     1   0.2003440    

Program completed
Press Enter to Continue.